{"C:\\Users\\joseph\\test-continuous-integration\\sum.js": {"path":"C:\\Users\\joseph\\test-continuous-integration\\sum.js","statementMap":{"0":{"start":{"line":1,"column":12},"end":{"line":14,"column":1}},"1":{"start":{"line":2,"column":2},"end":{"line":4,"column":3}},"2":{"start":{"line":3,"column":4},"end":{"line":3,"column":38}},"3":{"start":{"line":6,"column":16},"end":{"line":11,"column":7}},"4":{"start":{"line":7,"column":4},"end":{"line":9,"column":5}},"5":{"start":{"line":8,"column":6},"end":{"line":8,"column":42}},"6":{"start":{"line":10,"column":4},"end":{"line":10,"column":30}},"7":{"start":{"line":13,"column":2},"end":{"line":13,"column":15}},"8":{"start":{"line":16,"column":0},"end":{"line":16,"column":21}}},"fnMap":{"0":{"name":"(anonymous_0)","decl":{"start":{"line":1,"column":12},"end":{"line":1,"column":13}},"loc":{"start":{"line":1,"column":25},"end":{"line":14,"column":1}},"line":1},"1":{"name":"(anonymous_1)","decl":{"start":{"line":6,"column":31},"end":{"line":6,"column":32}},"loc":{"start":{"line":6,"column":54},"end":{"line":11,"column":3}},"line":6}},"branchMap":{"0":{"loc":{"start":{"line":2,"column":2},"end":{"line":4,"column":3}},"type":"if","locations":[{"start":{"line":2,"column":2},"end":{"line":4,"column":3}},{"start":{"line":2,"column":2},"end":{"line":4,"column":3}}],"line":2},"1":{"loc":{"start":{"line":7,"column":4},"end":{"line":9,"column":5}},"type":"if","locations":[{"start":{"line":7,"column":4},"end":{"line":9,"column":5}},{"start":{"line":7,"column":4},"end":{"line":9,"column":5}}],"line":7}},"s":{"0":1,"1":1,"2":0,"3":1,"4":4,"5":0,"6":4,"7":1,"8":1},"f":{"0":1,"1":4},"b":{"0":[0,1],"1":[0,4]},"_coverageSchema":"1a1c01bbd47fc00a2c39e90264f33305004495a9","hash":"49e3d173f5f81cd21482b052f6b43e2fa400982a"}
}
